

Microchip MPLAB XC8 Assembler V2.45 build 20230818022343 
                                                                                               Fri Jan 12 21:38:44 2024

Microchip MPLAB XC8 C Compiler v2.45 (Free license) build 20230818022343 Og1 
     1                           	processor	18F4620
     2                           	fnconf	rparam,??,?,0
     3                           	pagewidth 120
     4                           	opt	flic
     5                           	psect	idataCOMRAM,global,class=CODE,delta=1,noexec
     6                           	psect	smallconst,global,reloc=2,class=SMALLCONST,delta=1,noexec
     7                           	psect	cinit,global,reloc=2,class=CODE,delta=1
     8                           	psect	bssCOMRAM,global,class=COMRAM,space=1,delta=1,lowdata,noexec
     9                           	psect	dataCOMRAM,global,class=COMRAM,space=1,delta=1,lowdata,noexec
    10                           	psect	cstackCOMRAM,global,class=COMRAM,space=1,delta=1,lowdata,noexec
    11                           	psect	text0,global,reloc=2,class=CODE,delta=1
    12                           	psect	intcode,global,reloc=2,class=CODE,delta=1
    13                           	psect	intcode_body,global,reloc=2,class=CODE,delta=1
    14                           	psect	text2,global,reloc=2,class=CODE,delta=1
    15                           	psect	text3,global,reloc=2,class=CODE,delta=1
    16                           	psect	text4,global,reloc=2,class=CODE,delta=1
    17                           	psect	text5,global,reloc=2,class=CODE,delta=1
    18                           	psect	text6,global,reloc=2,class=CODE,delta=1
    19                           	psect	text7,global,reloc=2,class=CODE,delta=1
    20                           	psect	text8,global,reloc=2,class=CODE,delta=1
    21                           	psect	intsave_regs,global,class=BIGRAM,space=1,delta=1,noexec
    22                           	psect	rparam,global,class=COMRAM,space=1,delta=1,noexec
    23                           	psect	temp,global,ovrld,common,class=COMRAM,space=1,delta=1
    24                           	psect	config,global,abs,ovrld,class=CONFIG,space=4,delta=1,noexec
    25   000000                     
    26                           ; Generated 23/03/2023 GMT
    27                           ; 
    28                           ; Copyright © 2023, Microchip Technology Inc. and its subsidiaries ("Microchip")
    29                           ; All rights reserved.
    30                           ; 
    31                           ; This software is developed by Microchip Technology Inc. and its subsidiaries ("Microch
      +                          ip").
    32                           ; 
    33                           ; Redistribution and use in source and binary forms, with or without modification, are
    34                           ; permitted provided that the following conditions are met:
    35                           ; 
    36                           ;     1. Redistributions of source code must retain the above copyright notice, this lis
      +                          t of
    37                           ;        conditions and the following disclaimer.
    38                           ; 
    39                           ;     2. Redistributions in binary form must reproduce the above copyright notice, this 
      +                          list
    40                           ;        of conditions and the following disclaimer in the documentation and/or other
    41                           ;        materials provided with the distribution. Publication is not required when
    42                           ;        this file is used in an embedded application.
    43                           ; 
    44                           ;     3. Microchip's name may not be used to endorse or promote products derived from th
      +                          is
    45                           ;        software without specific prior written permission.
    46                           ; 
    47                           ; THIS SOFTWARE IS PROVIDED BY MICROCHIP "AS IS" AND ANY EXPRESS OR IMPLIED WARRANTIES,
    48                           ; INCLUDING, BUT NOT LIMITED TO, THE IMPLIED WARRANTIES OF MERCHANTABILITY AND FITNESS F
      +                          OR
    49                           ; PURPOSE ARE DISCLAIMED.  IN NO EVENT SHALL MICROCHIP BE LIABLE FOR ANY DIRECT, INDIREC
      +                          T,
    50                           ; INCIDENTAL, SPECIAL, EXEMPLARY, OR CONSEQUENTIAL DAMAGES (INCLUDING BUT NOT LIMITED TO
    51                           ; PROCUREMENT OF SUBSTITUTE GOODS OR SERVICES; LOSS OF USE, DATA OR PROFITS; OR BUSINESS
    52                           ; INTERRUPTION) HOWSOEVER CAUSED AND ON ANY THEORY OF LIABILITY, WHETHER IN CONTRACT, ST
      +                          RICT
    53                           ; LIABILITY, OR TORT (INCLUDING NEGLIGENCE OR OTHERWISE) ARISING IN ANY WAY OUT OF THE U
      +                          SE OF
    54                           ; THIS SOFTWARE, EVEN IF ADVISED OF THE POSSIBILITY OF SUCH DAMAGE.
    55                           ; 
    56                           ; 
    57                           ; Code-generator required, PIC18F4620 Definitions
    58                           ; 
    59                           ; SFR Addresses
    60   000000                     
    61                           	psect	idataCOMRAM
    62   0012C2                     __pidataCOMRAM:
    63                           	callstack 0
    64                           
    65                           ;initializer for _port_regs
    66   0012C2  80                 	db	128
    67   0012C3  0F                 	db	15
    68   0012C4  81                 	db	129
    69   0012C5  0F                 	db	15
    70   0012C6  82                 	db	130
    71   0012C7  0F                 	db	15
    72   0012C8  83                 	db	131
    73   0012C9  0F                 	db	15
    74   0012CA  84                 	db	132
    75   0012CB  0F                 	db	15
    76                           
    77                           ;initializer for _lat_regs
    78   0012CC  89                 	db	137
    79   0012CD  0F                 	db	15
    80   0012CE  8A                 	db	138
    81   0012CF  0F                 	db	15
    82   0012D0  8B                 	db	139
    83   0012D1  0F                 	db	15
    84   0012D2  8C                 	db	140
    85   0012D3  0F                 	db	15
    86   0012D4  8D                 	db	141
    87   0012D5  0F                 	db	15
    88                           
    89                           ;initializer for _tris_regs
    90   0012D6  92                 	db	146
    91   0012D7  0F                 	db	15
    92   0012D8  93                 	db	147
    93   0012D9  0F                 	db	15
    94   0012DA  94                 	db	148
    95   0012DB  0F                 	db	15
    96   0012DC  95                 	db	149
    97   0012DD  0F                 	db	15
    98   0012DE  96                 	db	150
    99   0012DF  0F                 	db	15
   100                           
   101                           ;initializer for _RB7_Flag
   102   0012E0  01                 	db	1
   103                           
   104                           ;initializer for _RB6_Flag
   105   0012E1  01                 	db	1
   106                           
   107                           ;initializer for _RB5_Flag
   108   0012E2  01                 	db	1
   109                           
   110                           ;initializer for _RB4_Flag
   111   0012E3  01                 	db	1
   112   000000                     _INTCON2bits	set	4081
   113   000000                     _PORTBbits	set	3969
   114   000000                     _PORTE	set	3972
   115   000000                     _PORTD	set	3971
   116   000000                     _PORTC	set	3970
   117   000000                     _PORTB	set	3969
   118   000000                     _PORTA	set	3968
   119   000000                     _LATA	set	3977
   120   000000                     _TRISA	set	3986
   121   000000                     _INTCON3bits	set	4080
   122   000000                     _INTCONbits	set	4082
   123   000000                     _TRISE	set	3990
   124   000000                     _TRISD	set	3989
   125   000000                     _TRISC	set	3988
   126   000000                     _TRISB	set	3987
   127   000000                     _LATE	set	3981
   128   000000                     _LATD	set	3980
   129   000000                     _LATC	set	3979
   130   000000                     _LATB	set	3978
   131                           
   132                           	psect	smallconst
   133   001000                     __psmallconst:
   134                           	callstack 0
   135   001000  00                 	db	0
   136   001001                     STR_1:
   137   001001  25                 	db	37
   138   001002  69                 	db	105	;'i'
   139   001003  00                 	db	0
   140   001004  00                 	db	0	; dummy byte at the end
   141   000000                     
   142                           ; #config settings
   143                           
   144                           	psect	cinit
   145   00128C                     __pcinit:
   146                           	callstack 0
   147   00128C                     start_initialization:
   148                           	callstack 0
   149   00128C                     __initialization:
   150                           	callstack 0
   151                           
   152                           ; Initialize objects allocated to COMRAM (34 bytes)
   153                           ; load TBLPTR registers with __pidataCOMRAM
   154   00128C  0EC2               	movlw	low __pidataCOMRAM
   155   00128E  6EF6               	movwf	tblptrl,c
   156   001290  0E12               	movlw	high __pidataCOMRAM
   157   001292  6EF7               	movwf	tblptrh,c
   158   001294  0E00               	movlw	low (__pidataCOMRAM shr (0+16))
   159   001296  6EF8               	movwf	tblptru,c
   160   001298  EE00  F001         	lfsr	0,__pdataCOMRAM
   161   00129C  EE10 F022          	lfsr	1,34
   162   0012A0                     copy_data0:
   163   0012A0  0009               	tblrd		*+
   164   0012A2  CFF5 FFEE          	movff	tablat,postinc0
   165   0012A6  50E5               	movf	postdec1,w,c
   166   0012A8  50E1               	movf	fsr1l,w,c
   167   0012AA  E1FA               	bnz	copy_data0
   168                           
   169                           ; Clear objects allocated to COMRAM (29 bytes)
   170   0012AC  EE00  F023         	lfsr	0,__pbssCOMRAM
   171   0012B0  0E1D               	movlw	29
   172   0012B2                     clear_0:
   173   0012B2  6AEE               	clrf	postinc0,c
   174   0012B4  06E8               	decf	wreg,f,c
   175   0012B6  E1FD               	bnz	clear_0
   176   0012B8                     end_of_initialization:
   177                           	callstack 0
   178   0012B8                     __end_of__initialization:
   179                           	callstack 0
   180   0012B8  9046               	bcf	int$flags,0,c	;clear compiler interrupt flag (level 1)
   181   0012BA  9246               	bcf	int$flags,1,c	;clear compiler interrupt flag (level 2)
   182   0012BC  0100               	movlb	0
   183   0012BE  EF72  F009         	goto	_main	;jump to C main() function
   184                           
   185                           	psect	bssCOMRAM
   186   000023                     __pbssCOMRAM:
   187                           	callstack 0
   188   000023                     _RB7_CallBack_LOW:
   189                           	callstack 0
   190   000023                     	ds	2
   191   000025                     _RB6_CallBack_LOW:
   192                           	callstack 0
   193   000025                     	ds	2
   194   000027                     _RB5_CallBack_LOW:
   195                           	callstack 0
   196   000027                     	ds	2
   197   000029                     _RB4_CallBack_LOW:
   198                           	callstack 0
   199   000029                     	ds	2
   200   00002B                     _RB7_CallBack_HIGH:
   201                           	callstack 0
   202   00002B                     	ds	2
   203   00002D                     _RB6_CallBack_HIGH:
   204                           	callstack 0
   205   00002D                     	ds	2
   206   00002F                     _RB5_CallBack_HIGH:
   207                           	callstack 0
   208   00002F                     	ds	2
   209   000031                     _RB4_CallBack_HIGH:
   210                           	callstack 0
   211   000031                     	ds	2
   212   000033                     _INT2_CALBACK:
   213                           	callstack 0
   214   000033                     	ds	2
   215   000035                     _INT1_CALBACK:
   216                           	callstack 0
   217   000035                     	ds	2
   218   000037                     _INT0_CALBACK:
   219                           	callstack 0
   220   000037                     	ds	2
   221   000039                     relayOFF@F3056:
   222                           	callstack 0
   223   000039                     	ds	1
   224   00003A                     relayON@F3051:
   225                           	callstack 0
   226   00003A                     	ds	1
   227   00003B                     relayInit@F3046:
   228                           	callstack 0
   229   00003B                     	ds	1
   230   00003C                     led_toggle@F3068:
   231                           	callstack 0
   232   00003C                     	ds	1
   233   00003D                     led_off@F3063:
   234                           	callstack 0
   235   00003D                     	ds	1
   236   00003E                     led_on@F3058:
   237                           	callstack 0
   238   00003E                     	ds	1
   239   00003F                     led_init@F3053:
   240                           	callstack 0
   241   00003F                     	ds	1
   242                           
   243                           	psect	dataCOMRAM
   244   000001                     __pdataCOMRAM:
   245                           	callstack 0
   246   000001                     _port_regs:
   247                           	callstack 0
   248   000001                     	ds	10
   249   00000B                     _lat_regs:
   250                           	callstack 0
   251   00000B                     	ds	10
   252   000015                     _tris_regs:
   253                           	callstack 0
   254   000015                     	ds	10
   255   00001F                     _RB7_Flag:
   256                           	callstack 0
   257   00001F                     	ds	1
   258   000020                     _RB6_Flag:
   259                           	callstack 0
   260   000020                     	ds	1
   261   000021                     _RB5_Flag:
   262                           	callstack 0
   263   000021                     	ds	1
   264   000022                     _RB4_Flag:
   265                           	callstack 0
   266   000022                     	ds	1
   267                           
   268                           	psect	cstackCOMRAM
   269   000040                     __pcstackCOMRAM:
   270                           	callstack 0
   271   000040                     RB4_ISR@src:
   272                           	callstack 0
   273   000040                     RB5_ISR@src:
   274                           	callstack 0
   275   000040                     RB6_ISR@src:
   276                           	callstack 0
   277   000040                     RB7_ISR@src:
   278                           	callstack 0
   279                           
   280                           ; 1 bytes @ 0x0
   281   000040                     	ds	1
   282   000041                     
   283                           ; 2 bytes @ 0x1
   284   000041                     	ds	2
   285   000043                     
   286                           ; 3 bytes @ 0x3
   287   000043                     	ds	3
   288   000046                     
   289                           ; 1 bytes @ 0x6
   290 ;;
   291 ;;Main: autosize = 0, tempsize = 0, incstack = 0, save=0
   292 ;;
   293 ;; *************** function _main *****************
   294 ;; Defined at:
   295 ;;		line 15 in file "Application.c"
   296 ;; Parameters:    Size  Location     Type
   297 ;;  argc            2    1[COMRAM] int 
   298 ;;  argv            3    3[COMRAM] PTR PTR unsigned char 
   299 ;; Auto vars:     Size  Location     Type
   300 ;;		None
   301 ;; Return value:  Size  Location     Type
   302 ;;                  2    1[COMRAM] int 
   303 ;; Registers used:
   304 ;;		None
   305 ;; Tracked objects:
   306 ;;		On entry : 0/0
   307 ;;		On exit  : 0/0
   308 ;;		Unchanged: 0/0
   309 ;; Data sizes:     COMRAM   BANK0   BANK1   BANK2   BANK3   BANK4   BANK5   BANK6   BANK7   BANK8   BANK9  BANK10  BANK1
      +1  BANK12  BANK13  BANK14  BANK15
   310 ;;      Params:         5       0       0       0       0       0       0       0       0       0       0       0       
      +0       0       0       0       0
   311 ;;      Locals:         0       0       0       0       0       0       0       0       0       0       0       0       
      +0       0       0       0       0
   312 ;;      Temps:          0       0       0       0       0       0       0       0       0       0       0       0       
      +0       0       0       0       0
   313 ;;      Totals:         5       0       0       0       0       0       0       0       0       0       0       0       
      +0       0       0       0       0
   314 ;;Total ram usage:        5 bytes
   315 ;; Hardware stack levels required when called: 2
   316 ;; This function calls:
   317 ;;		Nothing
   318 ;; This function is called by:
   319 ;;		Startup code after reset
   320 ;; This function uses a non-reentrant model
   321 ;;
   322                           
   323                           	psect	text0
   324   0012E4                     __ptext0:
   325                           	callstack 0
   326   0012E4                     _main:
   327                           	callstack 29
   328   0012E4                     l665:
   329   0012E4  EF72  F009         	goto	l665
   330   0012E8  EF07  F000         	goto	start
   331   0012EC                     __end_of_main:
   332                           	callstack 0
   333                           
   334 ;; *************** function _InterruptManager *****************
   335 ;; Defined at:
   336 ;;		line 37 in file "C:/Users/Om562/MPLABXProjects/PIC18/MCAL_Layer/Interrupt/mcal_interrupt_manager.c"
   337 ;; Parameters:    Size  Location     Type
   338 ;;		None
   339 ;; Auto vars:     Size  Location     Type
   340 ;;		None
   341 ;; Return value:  Size  Location     Type
   342 ;;                  1    wreg      void 
   343 ;; Registers used:
   344 ;;		wreg, status,2, status,0, cstack
   345 ;; Tracked objects:
   346 ;;		On entry : 0/0
   347 ;;		On exit  : 0/0
   348 ;;		Unchanged: 0/0
   349 ;; Data sizes:     COMRAM   BANK0   BANK1   BANK2   BANK3   BANK4   BANK5   BANK6   BANK7   BANK8   BANK9  BANK10  BANK1
      +1  BANK12  BANK13  BANK14  BANK15
   350 ;;      Params:         0       0       0       0       0       0       0       0       0       0       0       0       
      +0       0       0       0       0
   351 ;;      Locals:         0       0       0       0       0       0       0       0       0       0       0       0       
      +0       0       0       0       0
   352 ;;      Temps:          0       0       0       0       0       0       0       0       0       0       0       0       
      +0       0       0       0       0
   353 ;;      Totals:         0       0       0       0       0       0       0       0       0       0       0       0       
      +0       0       0       0       0
   354 ;;Total ram usage:        0 bytes
   355 ;; Hardware stack levels used: 1
   356 ;; Hardware stack levels required when called: 1
   357 ;; This function calls:
   358 ;;		_INT0_ISR
   359 ;;		_INT1_ISR
   360 ;;		_INT2_ISR
   361 ;;		_RB4_ISR
   362 ;;		_RB5_ISR
   363 ;;		_RB6_ISR
   364 ;;		_RB7_ISR
   365 ;; This function is called by:
   366 ;;		Interrupt level 2
   367 ;; This function uses a non-reentrant model
   368 ;;
   369                           
   370                           	psect	intcode
   371   000008                     __pintcode:
   372                           	callstack 0
   373   000008                     _InterruptManager:
   374                           	callstack 29
   375                           
   376                           ;incstack = 0
   377   000008  8246               	bsf	int$flags,1,c	;set compiler interrupt flag (level 2)
   378   00000A  ED03  F008         	call	int_func,f	;refresh shadow registers
   379                           
   380                           	psect	intcode_body
   381   001006                     __pintcode_body:
   382                           	callstack 29
   383   001006                     int_func:
   384                           	callstack 29
   385   001006  0006               	pop		; remove dummy address from shadow register refresh
   386   001008                     
   387                           ;C:/Users/Om562/MPLABXProjects/PIC18/MCAL_Layer/Interrupt/mcal_interrupt_manager.c: 38: 
      +                              if ((INTCONbits.INT0IE == 1) && (INTCONbits.INT0IF == 1)) {
   388   001008  A8F2               	btfss	242,4,c	;volatile
   389   00100A  EF09  F008         	goto	i2u115_41
   390   00100E  EF0B  F008         	goto	i2u115_40
   391   001012                     i2u115_41:
   392   001012  EF14  F008         	goto	i2l2521
   393   001016                     i2u115_40:
   394   001016  A2F2               	btfss	242,1,c	;volatile
   395   001018  EF10  F008         	goto	i2u116_41
   396   00101C  EF12  F008         	goto	i2u116_40
   397   001020                     i2u116_41:
   398   001020  EF14  F008         	goto	i2l2521
   399   001024                     i2u116_40:
   400   001024                     
   401                           ;C:/Users/Om562/MPLABXProjects/PIC18/MCAL_Layer/Interrupt/mcal_interrupt_manager.c: 39: 
      +                                  INT0_ISR();
   402   001024  EC82  F009         	call	_INT0_ISR	;wreg free
   403   001028                     i2l2521:
   404                           
   405                           ;C:/Users/Om562/MPLABXProjects/PIC18/MCAL_Layer/Interrupt/mcal_interrupt_manager.c: 41: 
      +                              if ((INTCON3bits.INT1E == 1) && (INTCON3bits.INT1IF == 1)) {
   406   001028  A6F0               	btfss	240,3,c	;volatile
   407   00102A  EF19  F008         	goto	i2u117_41
   408   00102E  EF1B  F008         	goto	i2u117_40
   409   001032                     i2u117_41:
   410   001032  EF24  F008         	goto	i2l2527
   411   001036                     i2u117_40:
   412   001036  A0F0               	btfss	240,0,c	;volatile
   413   001038  EF20  F008         	goto	i2u118_41
   414   00103C  EF22  F008         	goto	i2u118_40
   415   001040                     i2u118_41:
   416   001040  EF24  F008         	goto	i2l2527
   417   001044                     i2u118_40:
   418   001044                     
   419                           ;C:/Users/Om562/MPLABXProjects/PIC18/MCAL_Layer/Interrupt/mcal_interrupt_manager.c: 42: 
      +                                  INT1_ISR();
   420   001044  EC80  F009         	call	_INT1_ISR	;wreg free
   421   001048                     i2l2527:
   422                           
   423                           ;C:/Users/Om562/MPLABXProjects/PIC18/MCAL_Layer/Interrupt/mcal_interrupt_manager.c: 44: 
      +                              if ((INTCON3bits.INT2IE == 1) && (INTCON3bits.INT2IF == 1)) {
   424   001048  A8F0               	btfss	240,4,c	;volatile
   425   00104A  EF29  F008         	goto	i2u119_41
   426   00104E  EF2B  F008         	goto	i2u119_40
   427   001052                     i2u119_41:
   428   001052  EF34  F008         	goto	i2l2533
   429   001056                     i2u119_40:
   430   001056  A2F0               	btfss	240,1,c	;volatile
   431   001058  EF30  F008         	goto	i2u120_41
   432   00105C  EF32  F008         	goto	i2u120_40
   433   001060                     i2u120_41:
   434   001060  EF34  F008         	goto	i2l2533
   435   001064                     i2u120_40:
   436   001064                     
   437                           ;C:/Users/Om562/MPLABXProjects/PIC18/MCAL_Layer/Interrupt/mcal_interrupt_manager.c: 45: 
      +                                  INT2_ISR();
   438   001064  EC7E  F009         	call	_INT2_ISR	;wreg free
   439   001068                     i2l2533:
   440                           
   441                           ;C:/Users/Om562/MPLABXProjects/PIC18/MCAL_Layer/Interrupt/mcal_interrupt_manager.c: 48: 
      +                              if ((INTCONbits.RBIE == 1) && (INTCONbits.RBIF == 1) && (PORTBbits.RB4 == 1) &&(RB4_
      +                          Flag == 1)) {
   442   001068  A6F2               	btfss	242,3,c	;volatile
   443   00106A  EF39  F008         	goto	i2u121_41
   444   00106E  EF3B  F008         	goto	i2u121_40
   445   001072                     i2u121_41:
   446   001072  EF56  F008         	goto	i2l2545
   447   001076                     i2u121_40:
   448   001076  A0F2               	btfss	242,0,c	;volatile
   449   001078  EF40  F008         	goto	i2u122_41
   450   00107C  EF42  F008         	goto	i2u122_40
   451   001080                     i2u122_41:
   452   001080  EF56  F008         	goto	i2l2545
   453   001084                     i2u122_40:
   454   001084  A881               	btfss	129,4,c	;volatile
   455   001086  EF47  F008         	goto	i2u123_41
   456   00108A  EF49  F008         	goto	i2u123_40
   457   00108E                     i2u123_41:
   458   00108E  EF56  F008         	goto	i2l2545
   459   001092                     i2u123_40:
   460   001092  0422               	decf	_RB4_Flag^0,w,c
   461   001094  A4D8               	btfss	status,2,c
   462   001096  EF4F  F008         	goto	i2u124_41
   463   00109A  EF51  F008         	goto	i2u124_40
   464   00109E                     i2u124_41:
   465   00109E  EF56  F008         	goto	i2l2545
   466   0010A2                     i2u124_40:
   467   0010A2                     
   468                           ;C:/Users/Om562/MPLABXProjects/PIC18/MCAL_Layer/Interrupt/mcal_interrupt_manager.c: 49: 
      +                                  RB4_Flag = 0;
   469   0010A2  0E00               	movlw	0
   470   0010A4  6E22               	movwf	_RB4_Flag^0,c
   471   0010A6                     
   472                           ;C:/Users/Om562/MPLABXProjects/PIC18/MCAL_Layer/Interrupt/mcal_interrupt_manager.c: 50: 
      +                                  RB4_ISR(1);
   473   0010A6  0E01               	movlw	1
   474   0010A8  EC7C  F009         	call	_RB4_ISR
   475   0010AC                     i2l2545:
   476                           
   477                           ;C:/Users/Om562/MPLABXProjects/PIC18/MCAL_Layer/Interrupt/mcal_interrupt_manager.c: 52: 
      +                              if ((INTCONbits.RBIE == 1) && (INTCONbits.RBIF == 1) && (PORTBbits.RB4 == 0) &&(RB4_
      +                          Flag == 0)) {
   478   0010AC  A6F2               	btfss	242,3,c	;volatile
   479   0010AE  EF5B  F008         	goto	i2u125_41
   480   0010B2  EF5D  F008         	goto	i2u125_40
   481   0010B6                     i2u125_41:
   482   0010B6  EF78  F008         	goto	i2l2557
   483   0010BA                     i2u125_40:
   484   0010BA  A0F2               	btfss	242,0,c	;volatile
   485   0010BC  EF62  F008         	goto	i2u126_41
   486   0010C0  EF64  F008         	goto	i2u126_40
   487   0010C4                     i2u126_41:
   488   0010C4  EF78  F008         	goto	i2l2557
   489   0010C8                     i2u126_40:
   490   0010C8  B881               	btfsc	129,4,c	;volatile
   491   0010CA  EF69  F008         	goto	i2u127_41
   492   0010CE  EF6B  F008         	goto	i2u127_40
   493   0010D2                     i2u127_41:
   494   0010D2  EF78  F008         	goto	i2l2557
   495   0010D6                     i2u127_40:
   496   0010D6  5022               	movf	_RB4_Flag^0,w,c
   497   0010D8  A4D8               	btfss	status,2,c
   498   0010DA  EF71  F008         	goto	i2u128_41
   499   0010DE  EF73  F008         	goto	i2u128_40
   500   0010E2                     i2u128_41:
   501   0010E2  EF78  F008         	goto	i2l2557
   502   0010E6                     i2u128_40:
   503   0010E6                     
   504                           ;C:/Users/Om562/MPLABXProjects/PIC18/MCAL_Layer/Interrupt/mcal_interrupt_manager.c: 53: 
      +                                  RB4_Flag = 1;
   505   0010E6  0E01               	movlw	1
   506   0010E8  6E22               	movwf	_RB4_Flag^0,c
   507   0010EA                     
   508                           ;C:/Users/Om562/MPLABXProjects/PIC18/MCAL_Layer/Interrupt/mcal_interrupt_manager.c: 54: 
      +                                  RB4_ISR(0);
   509   0010EA  0E00               	movlw	0
   510   0010EC  EC7C  F009         	call	_RB4_ISR
   511   0010F0                     i2l2557:
   512                           
   513                           ;C:/Users/Om562/MPLABXProjects/PIC18/MCAL_Layer/Interrupt/mcal_interrupt_manager.c: 57: 
      +                              if ((INTCONbits.RBIE == 1) && (INTCONbits.RBIF == 1) && (PORTBbits.RB5 == 1) &&(RB5_
      +                          Flag == 1)) {
   514   0010F0  A6F2               	btfss	242,3,c	;volatile
   515   0010F2  EF7D  F008         	goto	i2u129_41
   516   0010F6  EF7F  F008         	goto	i2u129_40
   517   0010FA                     i2u129_41:
   518   0010FA  EF9A  F008         	goto	i2l2569
   519   0010FE                     i2u129_40:
   520   0010FE  A0F2               	btfss	242,0,c	;volatile
   521   001100  EF84  F008         	goto	i2u130_41
   522   001104  EF86  F008         	goto	i2u130_40
   523   001108                     i2u130_41:
   524   001108  EF9A  F008         	goto	i2l2569
   525   00110C                     i2u130_40:
   526   00110C  AA81               	btfss	129,5,c	;volatile
   527   00110E  EF8B  F008         	goto	i2u131_41
   528   001112  EF8D  F008         	goto	i2u131_40
   529   001116                     i2u131_41:
   530   001116  EF9A  F008         	goto	i2l2569
   531   00111A                     i2u131_40:
   532   00111A  0421               	decf	_RB5_Flag^0,w,c
   533   00111C  A4D8               	btfss	status,2,c
   534   00111E  EF93  F008         	goto	i2u132_41
   535   001122  EF95  F008         	goto	i2u132_40
   536   001126                     i2u132_41:
   537   001126  EF9A  F008         	goto	i2l2569
   538   00112A                     i2u132_40:
   539   00112A                     
   540                           ;C:/Users/Om562/MPLABXProjects/PIC18/MCAL_Layer/Interrupt/mcal_interrupt_manager.c: 58: 
      +                                  RB5_Flag = 0;
   541   00112A  0E00               	movlw	0
   542   00112C  6E21               	movwf	_RB5_Flag^0,c
   543   00112E                     
   544                           ;C:/Users/Om562/MPLABXProjects/PIC18/MCAL_Layer/Interrupt/mcal_interrupt_manager.c: 59: 
      +                                  RB5_ISR(1);
   545   00112E  0E01               	movlw	1
   546   001130  EC7A  F009         	call	_RB5_ISR
   547   001134                     i2l2569:
   548                           
   549                           ;C:/Users/Om562/MPLABXProjects/PIC18/MCAL_Layer/Interrupt/mcal_interrupt_manager.c: 61: 
      +                              if ((INTCONbits.RBIE == 1) && (INTCONbits.RBIF == 1) && (PORTBbits.RB5 == 0) &&(RB5_
      +                          Flag == 0)) {
   550   001134  A6F2               	btfss	242,3,c	;volatile
   551   001136  EF9F  F008         	goto	i2u133_41
   552   00113A  EFA1  F008         	goto	i2u133_40
   553   00113E                     i2u133_41:
   554   00113E  EFBC  F008         	goto	i2l2581
   555   001142                     i2u133_40:
   556   001142  A0F2               	btfss	242,0,c	;volatile
   557   001144  EFA6  F008         	goto	i2u134_41
   558   001148  EFA8  F008         	goto	i2u134_40
   559   00114C                     i2u134_41:
   560   00114C  EFBC  F008         	goto	i2l2581
   561   001150                     i2u134_40:
   562   001150  BA81               	btfsc	129,5,c	;volatile
   563   001152  EFAD  F008         	goto	i2u135_41
   564   001156  EFAF  F008         	goto	i2u135_40
   565   00115A                     i2u135_41:
   566   00115A  EFBC  F008         	goto	i2l2581
   567   00115E                     i2u135_40:
   568   00115E  5021               	movf	_RB5_Flag^0,w,c
   569   001160  A4D8               	btfss	status,2,c
   570   001162  EFB5  F008         	goto	i2u136_41
   571   001166  EFB7  F008         	goto	i2u136_40
   572   00116A                     i2u136_41:
   573   00116A  EFBC  F008         	goto	i2l2581
   574   00116E                     i2u136_40:
   575   00116E                     
   576                           ;C:/Users/Om562/MPLABXProjects/PIC18/MCAL_Layer/Interrupt/mcal_interrupt_manager.c: 62: 
      +                                  RB5_Flag = 1;
   577   00116E  0E01               	movlw	1
   578   001170  6E21               	movwf	_RB5_Flag^0,c
   579   001172                     
   580                           ;C:/Users/Om562/MPLABXProjects/PIC18/MCAL_Layer/Interrupt/mcal_interrupt_manager.c: 63: 
      +                                  RB5_ISR(0);
   581   001172  0E00               	movlw	0
   582   001174  EC7A  F009         	call	_RB5_ISR
   583   001178                     i2l2581:
   584                           
   585                           ;C:/Users/Om562/MPLABXProjects/PIC18/MCAL_Layer/Interrupt/mcal_interrupt_manager.c: 67: 
      +                              if ((INTCONbits.RBIE == 1) && (INTCONbits.RBIF == 1) && (PORTBbits.RB6 == 1) &&(RB6_
      +                          Flag == 1)) {
   586   001178  A6F2               	btfss	242,3,c	;volatile
   587   00117A  EFC1  F008         	goto	i2u137_41
   588   00117E  EFC3  F008         	goto	i2u137_40
   589   001182                     i2u137_41:
   590   001182  EFDE  F008         	goto	i2l2593
   591   001186                     i2u137_40:
   592   001186  A0F2               	btfss	242,0,c	;volatile
   593   001188  EFC8  F008         	goto	i2u138_41
   594   00118C  EFCA  F008         	goto	i2u138_40
   595   001190                     i2u138_41:
   596   001190  EFDE  F008         	goto	i2l2593
   597   001194                     i2u138_40:
   598   001194  AC81               	btfss	129,6,c	;volatile
   599   001196  EFCF  F008         	goto	i2u139_41
   600   00119A  EFD1  F008         	goto	i2u139_40
   601   00119E                     i2u139_41:
   602   00119E  EFDE  F008         	goto	i2l2593
   603   0011A2                     i2u139_40:
   604   0011A2  0420               	decf	_RB6_Flag^0,w,c
   605   0011A4  A4D8               	btfss	status,2,c
   606   0011A6  EFD7  F008         	goto	i2u140_41
   607   0011AA  EFD9  F008         	goto	i2u140_40
   608   0011AE                     i2u140_41:
   609   0011AE  EFDE  F008         	goto	i2l2593
   610   0011B2                     i2u140_40:
   611   0011B2                     
   612                           ;C:/Users/Om562/MPLABXProjects/PIC18/MCAL_Layer/Interrupt/mcal_interrupt_manager.c: 68: 
      +                                  RB6_Flag = 0;
   613   0011B2  0E00               	movlw	0
   614   0011B4  6E20               	movwf	_RB6_Flag^0,c
   615   0011B6                     
   616                           ;C:/Users/Om562/MPLABXProjects/PIC18/MCAL_Layer/Interrupt/mcal_interrupt_manager.c: 69: 
      +                                  RB6_ISR(1);
   617   0011B6  0E01               	movlw	1
   618   0011B8  EC78  F009         	call	_RB6_ISR
   619   0011BC                     i2l2593:
   620                           
   621                           ;C:/Users/Om562/MPLABXProjects/PIC18/MCAL_Layer/Interrupt/mcal_interrupt_manager.c: 71: 
      +                              if ((INTCONbits.RBIE == 1) && (INTCONbits.RBIF == 1) && (PORTBbits.RB6 == 0) &&(RB6_
      +                          Flag == 0)) {
   622   0011BC  A6F2               	btfss	242,3,c	;volatile
   623   0011BE  EFE3  F008         	goto	i2u141_41
   624   0011C2  EFE5  F008         	goto	i2u141_40
   625   0011C6                     i2u141_41:
   626   0011C6  EF00  F009         	goto	i2l2605
   627   0011CA                     i2u141_40:
   628   0011CA  A0F2               	btfss	242,0,c	;volatile
   629   0011CC  EFEA  F008         	goto	i2u142_41
   630   0011D0  EFEC  F008         	goto	i2u142_40
   631   0011D4                     i2u142_41:
   632   0011D4  EF00  F009         	goto	i2l2605
   633   0011D8                     i2u142_40:
   634   0011D8  BC81               	btfsc	129,6,c	;volatile
   635   0011DA  EFF1  F008         	goto	i2u143_41
   636   0011DE  EFF3  F008         	goto	i2u143_40
   637   0011E2                     i2u143_41:
   638   0011E2  EF00  F009         	goto	i2l2605
   639   0011E6                     i2u143_40:
   640   0011E6  5020               	movf	_RB6_Flag^0,w,c
   641   0011E8  A4D8               	btfss	status,2,c
   642   0011EA  EFF9  F008         	goto	i2u144_41
   643   0011EE  EFFB  F008         	goto	i2u144_40
   644   0011F2                     i2u144_41:
   645   0011F2  EF00  F009         	goto	i2l2605
   646   0011F6                     i2u144_40:
   647   0011F6                     
   648                           ;C:/Users/Om562/MPLABXProjects/PIC18/MCAL_Layer/Interrupt/mcal_interrupt_manager.c: 72: 
      +                                  RB6_Flag = 1;
   649   0011F6  0E01               	movlw	1
   650   0011F8  6E20               	movwf	_RB6_Flag^0,c
   651   0011FA                     
   652                           ;C:/Users/Om562/MPLABXProjects/PIC18/MCAL_Layer/Interrupt/mcal_interrupt_manager.c: 73: 
      +                                  RB6_ISR(0);
   653   0011FA  0E00               	movlw	0
   654   0011FC  EC78  F009         	call	_RB6_ISR
   655   001200                     i2l2605:
   656                           
   657                           ;C:/Users/Om562/MPLABXProjects/PIC18/MCAL_Layer/Interrupt/mcal_interrupt_manager.c: 77: 
      +                              if ((INTCONbits.RBIE == 1) && (INTCONbits.RBIF == 1) && (PORTBbits.RB7 == 1) &&(RB7_
      +                          Flag == 1)) {
   658   001200  A6F2               	btfss	242,3,c	;volatile
   659   001202  EF05  F009         	goto	i2u145_41
   660   001206  EF07  F009         	goto	i2u145_40
   661   00120A                     i2u145_41:
   662   00120A  EF22  F009         	goto	i2l2617
   663   00120E                     i2u145_40:
   664   00120E  A0F2               	btfss	242,0,c	;volatile
   665   001210  EF0C  F009         	goto	i2u146_41
   666   001214  EF0E  F009         	goto	i2u146_40
   667   001218                     i2u146_41:
   668   001218  EF22  F009         	goto	i2l2617
   669   00121C                     i2u146_40:
   670   00121C  AE81               	btfss	129,7,c	;volatile
   671   00121E  EF13  F009         	goto	i2u147_41
   672   001222  EF15  F009         	goto	i2u147_40
   673   001226                     i2u147_41:
   674   001226  EF22  F009         	goto	i2l2617
   675   00122A                     i2u147_40:
   676   00122A  041F               	decf	_RB7_Flag^0,w,c
   677   00122C  A4D8               	btfss	status,2,c
   678   00122E  EF1B  F009         	goto	i2u148_41
   679   001232  EF1D  F009         	goto	i2u148_40
   680   001236                     i2u148_41:
   681   001236  EF22  F009         	goto	i2l2617
   682   00123A                     i2u148_40:
   683   00123A                     
   684                           ;C:/Users/Om562/MPLABXProjects/PIC18/MCAL_Layer/Interrupt/mcal_interrupt_manager.c: 78: 
      +                                  RB7_Flag = 0;
   685   00123A  0E00               	movlw	0
   686   00123C  6E1F               	movwf	_RB7_Flag^0,c
   687   00123E                     
   688                           ;C:/Users/Om562/MPLABXProjects/PIC18/MCAL_Layer/Interrupt/mcal_interrupt_manager.c: 79: 
      +                                  RB7_ISR(1);
   689   00123E  0E01               	movlw	1
   690   001240  EC76  F009         	call	_RB7_ISR
   691   001244                     i2l2617:
   692                           
   693                           ;C:/Users/Om562/MPLABXProjects/PIC18/MCAL_Layer/Interrupt/mcal_interrupt_manager.c: 81: 
      +                              if ((INTCONbits.RBIE == 1) && (INTCONbits.RBIF == 1) && (PORTBbits.RB7 == 0) &&(RB7_
      +                          Flag == 0)) {
   694   001244  A6F2               	btfss	242,3,c	;volatile
   695   001246  EF27  F009         	goto	i2u149_41
   696   00124A  EF29  F009         	goto	i2u149_40
   697   00124E                     i2u149_41:
   698   00124E  EF44  F009         	goto	i2l660
   699   001252                     i2u149_40:
   700   001252  A0F2               	btfss	242,0,c	;volatile
   701   001254  EF2E  F009         	goto	i2u150_41
   702   001258  EF30  F009         	goto	i2u150_40
   703   00125C                     i2u150_41:
   704   00125C  EF44  F009         	goto	i2l660
   705   001260                     i2u150_40:
   706   001260  BE81               	btfsc	129,7,c	;volatile
   707   001262  EF35  F009         	goto	i2u151_41
   708   001266  EF37  F009         	goto	i2u151_40
   709   00126A                     i2u151_41:
   710   00126A  EF44  F009         	goto	i2l660
   711   00126E                     i2u151_40:
   712   00126E  501F               	movf	_RB7_Flag^0,w,c
   713   001270  A4D8               	btfss	status,2,c
   714   001272  EF3D  F009         	goto	i2u152_41
   715   001276  EF3F  F009         	goto	i2u152_40
   716   00127A                     i2u152_41:
   717   00127A  EF44  F009         	goto	i2l660
   718   00127E                     i2u152_40:
   719   00127E                     
   720                           ;C:/Users/Om562/MPLABXProjects/PIC18/MCAL_Layer/Interrupt/mcal_interrupt_manager.c: 82: 
      +                                  RB7_Flag = 1;
   721   00127E  0E01               	movlw	1
   722   001280  6E1F               	movwf	_RB7_Flag^0,c
   723   001282                     
   724                           ;C:/Users/Om562/MPLABXProjects/PIC18/MCAL_Layer/Interrupt/mcal_interrupt_manager.c: 83: 
      +                                  RB7_ISR(0);
   725   001282  0E00               	movlw	0
   726   001284  EC76  F009         	call	_RB7_ISR
   727   001288                     i2l660:
   728   001288  9246               	bcf	int$flags,1,c	;clear compiler interrupt flag (level 2)
   729   00128A  0011               	retfie		f
   730   00128C                     __end_of_InterruptManager:
   731                           	callstack 0
   732                           
   733 ;; *************** function _RB7_ISR *****************
   734 ;; Defined at:
   735 ;;		line 87 in file "C:/Users/Om562/MPLABXProjects/PIC18/MCAL_Layer/Interrupt/mcal_external_interrupt.c"
   736 ;; Parameters:    Size  Location     Type
   737 ;;  src             1    wreg     unsigned char 
   738 ;; Auto vars:     Size  Location     Type
   739 ;;  src             1    0[COMRAM] unsigned char 
   740 ;; Return value:  Size  Location     Type
   741 ;;                  1    wreg      void 
   742 ;; Registers used:
   743 ;;		wreg
   744 ;; Tracked objects:
   745 ;;		On entry : 0/0
   746 ;;		On exit  : 0/0
   747 ;;		Unchanged: 0/0
   748 ;; Data sizes:     COMRAM   BANK0   BANK1   BANK2   BANK3   BANK4   BANK5   BANK6   BANK7   BANK8   BANK9  BANK10  BANK1
      +1  BANK12  BANK13  BANK14  BANK15
   749 ;;      Params:         0       0       0       0       0       0       0       0       0       0       0       0       
      +0       0       0       0       0
   750 ;;      Locals:         1       0       0       0       0       0       0       0       0       0       0       0       
      +0       0       0       0       0
   751 ;;      Temps:          0       0       0       0       0       0       0       0       0       0       0       0       
      +0       0       0       0       0
   752 ;;      Totals:         1       0       0       0       0       0       0       0       0       0       0       0       
      +0       0       0       0       0
   753 ;;Total ram usage:        1 bytes
   754 ;; Hardware stack levels used: 1
   755 ;; This function calls:
   756 ;;		Nothing
   757 ;; This function is called by:
   758 ;;		_InterruptManager
   759 ;; This function uses a non-reentrant model
   760 ;;
   761                           
   762                           	psect	text2
   763   0012EC                     __ptext2:
   764                           	callstack 0
   765   0012EC                     _RB7_ISR:
   766                           	callstack 29
   767   0012EC                     
   768                           ;C:/Users/Om562/MPLABXProjects/PIC18/MCAL_Layer/Interrupt/mcal_external_interrupt.c: 88:
      +                               (INTCONbits.RBIF = 0);
   769   0012EC  90F2               	bcf	242,0,c	;volatile
   770   0012EE  0012               	return		;funcret
   771   0012F0                     __end_of_RB7_ISR:
   772                           	callstack 0
   773                           
   774 ;; *************** function _RB6_ISR *****************
   775 ;; Defined at:
   776 ;;		line 77 in file "C:/Users/Om562/MPLABXProjects/PIC18/MCAL_Layer/Interrupt/mcal_external_interrupt.c"
   777 ;; Parameters:    Size  Location     Type
   778 ;;  src             1    wreg     unsigned char 
   779 ;; Auto vars:     Size  Location     Type
   780 ;;  src             1    0[COMRAM] unsigned char 
   781 ;; Return value:  Size  Location     Type
   782 ;;                  1    wreg      void 
   783 ;; Registers used:
   784 ;;		wreg
   785 ;; Tracked objects:
   786 ;;		On entry : 0/0
   787 ;;		On exit  : 0/0
   788 ;;		Unchanged: 0/0
   789 ;; Data sizes:     COMRAM   BANK0   BANK1   BANK2   BANK3   BANK4   BANK5   BANK6   BANK7   BANK8   BANK9  BANK10  BANK1
      +1  BANK12  BANK13  BANK14  BANK15
   790 ;;      Params:         0       0       0       0       0       0       0       0       0       0       0       0       
      +0       0       0       0       0
   791 ;;      Locals:         1       0       0       0       0       0       0       0       0       0       0       0       
      +0       0       0       0       0
   792 ;;      Temps:          0       0       0       0       0       0       0       0       0       0       0       0       
      +0       0       0       0       0
   793 ;;      Totals:         1       0       0       0       0       0       0       0       0       0       0       0       
      +0       0       0       0       0
   794 ;;Total ram usage:        1 bytes
   795 ;; Hardware stack levels used: 1
   796 ;; This function calls:
   797 ;;		Nothing
   798 ;; This function is called by:
   799 ;;		_InterruptManager
   800 ;; This function uses a non-reentrant model
   801 ;;
   802                           
   803                           	psect	text3
   804   0012F0                     __ptext3:
   805                           	callstack 0
   806   0012F0                     _RB6_ISR:
   807                           	callstack 29
   808   0012F0                     
   809                           ;C:/Users/Om562/MPLABXProjects/PIC18/MCAL_Layer/Interrupt/mcal_external_interrupt.c: 78:
      +                               (INTCONbits.RBIF = 0);
   810   0012F0  90F2               	bcf	242,0,c	;volatile
   811   0012F2  0012               	return		;funcret
   812   0012F4                     __end_of_RB6_ISR:
   813                           	callstack 0
   814                           
   815 ;; *************** function _RB5_ISR *****************
   816 ;; Defined at:
   817 ;;		line 67 in file "C:/Users/Om562/MPLABXProjects/PIC18/MCAL_Layer/Interrupt/mcal_external_interrupt.c"
   818 ;; Parameters:    Size  Location     Type
   819 ;;  src             1    wreg     unsigned char 
   820 ;; Auto vars:     Size  Location     Type
   821 ;;  src             1    0[COMRAM] unsigned char 
   822 ;; Return value:  Size  Location     Type
   823 ;;                  1    wreg      void 
   824 ;; Registers used:
   825 ;;		wreg
   826 ;; Tracked objects:
   827 ;;		On entry : 0/0
   828 ;;		On exit  : 0/0
   829 ;;		Unchanged: 0/0
   830 ;; Data sizes:     COMRAM   BANK0   BANK1   BANK2   BANK3   BANK4   BANK5   BANK6   BANK7   BANK8   BANK9  BANK10  BANK1
      +1  BANK12  BANK13  BANK14  BANK15
   831 ;;      Params:         0       0       0       0       0       0       0       0       0       0       0       0       
      +0       0       0       0       0
   832 ;;      Locals:         1       0       0       0       0       0       0       0       0       0       0       0       
      +0       0       0       0       0
   833 ;;      Temps:          0       0       0       0       0       0       0       0       0       0       0       0       
      +0       0       0       0       0
   834 ;;      Totals:         1       0       0       0       0       0       0       0       0       0       0       0       
      +0       0       0       0       0
   835 ;;Total ram usage:        1 bytes
   836 ;; Hardware stack levels used: 1
   837 ;; This function calls:
   838 ;;		Nothing
   839 ;; This function is called by:
   840 ;;		_InterruptManager
   841 ;; This function uses a non-reentrant model
   842 ;;
   843                           
   844                           	psect	text4
   845   0012F4                     __ptext4:
   846                           	callstack 0
   847   0012F4                     _RB5_ISR:
   848                           	callstack 29
   849   0012F4                     
   850                           ;C:/Users/Om562/MPLABXProjects/PIC18/MCAL_Layer/Interrupt/mcal_external_interrupt.c: 68:
      +                               (INTCONbits.RBIF = 0);
   851   0012F4  90F2               	bcf	242,0,c	;volatile
   852   0012F6  0012               	return		;funcret
   853   0012F8                     __end_of_RB5_ISR:
   854                           	callstack 0
   855                           
   856 ;; *************** function _RB4_ISR *****************
   857 ;; Defined at:
   858 ;;		line 57 in file "C:/Users/Om562/MPLABXProjects/PIC18/MCAL_Layer/Interrupt/mcal_external_interrupt.c"
   859 ;; Parameters:    Size  Location     Type
   860 ;;  src             1    wreg     unsigned char 
   861 ;; Auto vars:     Size  Location     Type
   862 ;;  src             1    0[COMRAM] unsigned char 
   863 ;; Return value:  Size  Location     Type
   864 ;;                  1    wreg      void 
   865 ;; Registers used:
   866 ;;		wreg
   867 ;; Tracked objects:
   868 ;;		On entry : 0/0
   869 ;;		On exit  : 0/0
   870 ;;		Unchanged: 0/0
   871 ;; Data sizes:     COMRAM   BANK0   BANK1   BANK2   BANK3   BANK4   BANK5   BANK6   BANK7   BANK8   BANK9  BANK10  BANK1
      +1  BANK12  BANK13  BANK14  BANK15
   872 ;;      Params:         0       0       0       0       0       0       0       0       0       0       0       0       
      +0       0       0       0       0
   873 ;;      Locals:         1       0       0       0       0       0       0       0       0       0       0       0       
      +0       0       0       0       0
   874 ;;      Temps:          0       0       0       0       0       0       0       0       0       0       0       0       
      +0       0       0       0       0
   875 ;;      Totals:         1       0       0       0       0       0       0       0       0       0       0       0       
      +0       0       0       0       0
   876 ;;Total ram usage:        1 bytes
   877 ;; Hardware stack levels used: 1
   878 ;; This function calls:
   879 ;;		Nothing
   880 ;; This function is called by:
   881 ;;		_InterruptManager
   882 ;; This function uses a non-reentrant model
   883 ;;
   884                           
   885                           	psect	text5
   886   0012F8                     __ptext5:
   887                           	callstack 0
   888   0012F8                     _RB4_ISR:
   889                           	callstack 29
   890   0012F8                     
   891                           ;C:/Users/Om562/MPLABXProjects/PIC18/MCAL_Layer/Interrupt/mcal_external_interrupt.c: 58:
      +                               (INTCONbits.RBIF = 0);
   892   0012F8  90F2               	bcf	242,0,c	;volatile
   893   0012FA  0012               	return		;funcret
   894   0012FC                     __end_of_RB4_ISR:
   895                           	callstack 0
   896                           
   897 ;; *************** function _INT2_ISR *****************
   898 ;; Defined at:
   899 ;;		line 48 in file "C:/Users/Om562/MPLABXProjects/PIC18/MCAL_Layer/Interrupt/mcal_external_interrupt.c"
   900 ;; Parameters:    Size  Location     Type
   901 ;;		None
   902 ;; Auto vars:     Size  Location     Type
   903 ;;		None
   904 ;; Return value:  Size  Location     Type
   905 ;;                  1    wreg      void 
   906 ;; Registers used:
   907 ;;		None
   908 ;; Tracked objects:
   909 ;;		On entry : 0/0
   910 ;;		On exit  : 0/0
   911 ;;		Unchanged: 0/0
   912 ;; Data sizes:     COMRAM   BANK0   BANK1   BANK2   BANK3   BANK4   BANK5   BANK6   BANK7   BANK8   BANK9  BANK10  BANK1
      +1  BANK12  BANK13  BANK14  BANK15
   913 ;;      Params:         0       0       0       0       0       0       0       0       0       0       0       0       
      +0       0       0       0       0
   914 ;;      Locals:         0       0       0       0       0       0       0       0       0       0       0       0       
      +0       0       0       0       0
   915 ;;      Temps:          0       0       0       0       0       0       0       0       0       0       0       0       
      +0       0       0       0       0
   916 ;;      Totals:         0       0       0       0       0       0       0       0       0       0       0       0       
      +0       0       0       0       0
   917 ;;Total ram usage:        0 bytes
   918 ;; Hardware stack levels used: 1
   919 ;; This function calls:
   920 ;;		Nothing
   921 ;; This function is called by:
   922 ;;		_InterruptManager
   923 ;; This function uses a non-reentrant model
   924 ;;
   925                           
   926                           	psect	text6
   927   0012FC                     __ptext6:
   928                           	callstack 0
   929   0012FC                     _INT2_ISR:
   930                           	callstack 29
   931   0012FC                     
   932                           ;C:/Users/Om562/MPLABXProjects/PIC18/MCAL_Layer/Interrupt/mcal_external_interrupt.c: 50:
      +                               (INTCON3bits.INT2F = 0);
   933   0012FC  92F0               	bcf	240,1,c	;volatile
   934   0012FE  0012               	return		;funcret
   935   001300                     __end_of_INT2_ISR:
   936                           	callstack 0
   937                           
   938 ;; *************** function _INT1_ISR *****************
   939 ;; Defined at:
   940 ;;		line 39 in file "C:/Users/Om562/MPLABXProjects/PIC18/MCAL_Layer/Interrupt/mcal_external_interrupt.c"
   941 ;; Parameters:    Size  Location     Type
   942 ;;		None
   943 ;; Auto vars:     Size  Location     Type
   944 ;;		None
   945 ;; Return value:  Size  Location     Type
   946 ;;                  1    wreg      void 
   947 ;; Registers used:
   948 ;;		None
   949 ;; Tracked objects:
   950 ;;		On entry : 0/0
   951 ;;		On exit  : 0/0
   952 ;;		Unchanged: 0/0
   953 ;; Data sizes:     COMRAM   BANK0   BANK1   BANK2   BANK3   BANK4   BANK5   BANK6   BANK7   BANK8   BANK9  BANK10  BANK1
      +1  BANK12  BANK13  BANK14  BANK15
   954 ;;      Params:         0       0       0       0       0       0       0       0       0       0       0       0       
      +0       0       0       0       0
   955 ;;      Locals:         0       0       0       0       0       0       0       0       0       0       0       0       
      +0       0       0       0       0
   956 ;;      Temps:          0       0       0       0       0       0       0       0       0       0       0       0       
      +0       0       0       0       0
   957 ;;      Totals:         0       0       0       0       0       0       0       0       0       0       0       0       
      +0       0       0       0       0
   958 ;;Total ram usage:        0 bytes
   959 ;; Hardware stack levels used: 1
   960 ;; This function calls:
   961 ;;		Nothing
   962 ;; This function is called by:
   963 ;;		_InterruptManager
   964 ;; This function uses a non-reentrant model
   965 ;;
   966                           
   967                           	psect	text7
   968   001300                     __ptext7:
   969                           	callstack 0
   970   001300                     _INT1_ISR:
   971                           	callstack 29
   972   001300                     
   973                           ;C:/Users/Om562/MPLABXProjects/PIC18/MCAL_Layer/Interrupt/mcal_external_interrupt.c: 41:
      +                               (INTCON3bits.INT1F = 0);
   974   001300  90F0               	bcf	240,0,c	;volatile
   975   001302  0012               	return		;funcret
   976   001304                     __end_of_INT1_ISR:
   977                           	callstack 0
   978                           
   979 ;; *************** function _INT0_ISR *****************
   980 ;; Defined at:
   981 ;;		line 31 in file "C:/Users/Om562/MPLABXProjects/PIC18/MCAL_Layer/Interrupt/mcal_external_interrupt.c"
   982 ;; Parameters:    Size  Location     Type
   983 ;;		None
   984 ;; Auto vars:     Size  Location     Type
   985 ;;		None
   986 ;; Return value:  Size  Location     Type
   987 ;;                  1    wreg      void 
   988 ;; Registers used:
   989 ;;		None
   990 ;; Tracked objects:
   991 ;;		On entry : 0/0
   992 ;;		On exit  : 0/0
   993 ;;		Unchanged: 0/0
   994 ;; Data sizes:     COMRAM   BANK0   BANK1   BANK2   BANK3   BANK4   BANK5   BANK6   BANK7   BANK8   BANK9  BANK10  BANK1
      +1  BANK12  BANK13  BANK14  BANK15
   995 ;;      Params:         0       0       0       0       0       0       0       0       0       0       0       0       
      +0       0       0       0       0
   996 ;;      Locals:         0       0       0       0       0       0       0       0       0       0       0       0       
      +0       0       0       0       0
   997 ;;      Temps:          0       0       0       0       0       0       0       0       0       0       0       0       
      +0       0       0       0       0
   998 ;;      Totals:         0       0       0       0       0       0       0       0       0       0       0       0       
      +0       0       0       0       0
   999 ;;Total ram usage:        0 bytes
  1000 ;; Hardware stack levels used: 1
  1001 ;; This function calls:
  1002 ;;		Nothing
  1003 ;; This function is called by:
  1004 ;;		_InterruptManager
  1005 ;; This function uses a non-reentrant model
  1006 ;;
  1007                           
  1008                           	psect	text8
  1009   001304                     __ptext8:
  1010                           	callstack 0
  1011   001304                     _INT0_ISR:
  1012                           	callstack 29
  1013   001304                     
  1014                           ;C:/Users/Om562/MPLABXProjects/PIC18/MCAL_Layer/Interrupt/mcal_external_interrupt.c: 33:
      +                               (INTCONbits.INT0IF = 0);
  1015   001304  92F2               	bcf	242,1,c	;volatile
  1016   001306  0012               	return		;funcret
  1017   001308                     __end_of_INT0_ISR:
  1018                           	callstack 0
  1019                           
  1020                           	psect	rparam
  1021   000000                     
  1022                           	psect	temp
  1023   000046                     btemp:
  1024                           	callstack 0
  1025   000046                     	ds	1
  1026   000000                     int$flags	set	btemp
  1027   000000                     wtemp8	set	btemp+1
  1028   000000                     ttemp5	set	btemp+1
  1029   000000                     ttemp6	set	btemp+4
  1030   000000                     ttemp7	set	btemp+8
  1031                           
  1032                           	psect	config
  1033                           
  1034                           ; Padding undefined space
  1035   300000                     	org	3145728
  1036   300000  FF                 	db	255
  1037                           
  1038                           ;Config register CONFIG1H @ 0x300001
  1039                           ;	Oscillator Selection bits
  1040                           ;	OSC = HS, HS oscillator
  1041                           ;	Fail-Safe Clock Monitor Enable bit
  1042                           ;	FCMEN = OFF, Fail-Safe Clock Monitor disabled
  1043                           ;	Internal/External Oscillator Switchover bit
  1044                           ;	IESO = OFF, Oscillator Switchover mode disabled
  1045   300001                     	org	3145729
  1046   300001  02                 	db	2
  1047                           
  1048                           ;Config register CONFIG2L @ 0x300002
  1049                           ;	Power-up Timer Enable bit
  1050                           ;	PWRT = OFF, PWRT disabled
  1051                           ;	Brown-out Reset Enable bits
  1052                           ;	BOREN = OFF, Brown-out Reset disabled in hardware and software
  1053                           ;	Brown Out Reset Voltage bits
  1054                           ;	BORV = 1, 
  1055   300002                     	org	3145730
  1056   300002  09                 	db	9
  1057                           
  1058                           ;Config register CONFIG2H @ 0x300003
  1059                           ;	Watchdog Timer Enable bit
  1060                           ;	WDT = ON, WDT enabled
  1061                           ;	Watchdog Timer Postscale Select bits
  1062                           ;	WDTPS = 32768, 1:32768
  1063   300003                     	org	3145731
  1064   300003  1F                 	db	31
  1065                           
  1066                           ; Padding undefined space
  1067   300004                     	org	3145732
  1068   300004  FF                 	db	255
  1069                           
  1070                           ;Config register CONFIG3H @ 0x300005
  1071                           ;	CCP2 MUX bit
  1072                           ;	CCP2MX = PORTC, CCP2 input/output is multiplexed with RC1
  1073                           ;	PORTB A/D Enable bit
  1074                           ;	PBADEN = OFF, PORTB<4:0> pins are configured as digital I/O on Reset
  1075                           ;	Low-Power Timer1 Oscillator Enable bit
  1076                           ;	LPT1OSC = OFF, Timer1 configured for higher power operation
  1077                           ;	MCLR Pin Enable bit
  1078                           ;	MCLRE = ON, MCLR pin enabled; RE3 input pin disabled
  1079   300005                     	org	3145733
  1080   300005  81                 	db	129
  1081                           
  1082                           ;Config register CONFIG4L @ 0x300006
  1083                           ;	Stack Full/Underflow Reset Enable bit
  1084                           ;	STVREN = ON, Stack full/underflow will cause Reset
  1085                           ;	Single-Supply ICSP Enable bit
  1086                           ;	LVP = OFF, Single-Supply ICSP disabled
  1087                           ;	Extended Instruction Set Enable bit
  1088                           ;	XINST = OFF, Instruction set extension and Indexed Addressing mode disabled (Legacy mo
      +                          de)
  1089                           ;	Background Debugger Enable bit
  1090                           ;	DEBUG = 0x1, unprogrammed default
  1091   300006                     	org	3145734
  1092   300006  81                 	db	129
  1093                           
  1094                           ; Padding undefined space
  1095   300007                     	org	3145735
  1096   300007  FF                 	db	255
  1097                           
  1098                           ;Config register CONFIG5L @ 0x300008
  1099                           ;	Code Protection bit
  1100                           ;	CP0 = OFF, Block 0 (000800-003FFFh) not code-protected
  1101                           ;	Code Protection bit
  1102                           ;	CP1 = OFF, Block 1 (004000-007FFFh) not code-protected
  1103                           ;	Code Protection bit
  1104                           ;	CP2 = OFF, Block 2 (008000-00BFFFh) not code-protected
  1105                           ;	Code Protection bit
  1106                           ;	CP3 = OFF, Block 3 (00C000-00FFFFh) not code-protected
  1107   300008                     	org	3145736
  1108   300008  0F                 	db	15
  1109                           
  1110                           ;Config register CONFIG5H @ 0x300009
  1111                           ;	Boot Block Code Protection bit
  1112                           ;	CPB = OFF, Boot block (000000-0007FFh) not code-protected
  1113                           ;	Data EEPROM Code Protection bit
  1114                           ;	CPD = OFF, Data EEPROM not code-protected
  1115   300009                     	org	3145737
  1116   300009  C0                 	db	192
  1117                           
  1118                           ;Config register CONFIG6L @ 0x30000A
  1119                           ;	Write Protection bit
  1120                           ;	WRT0 = OFF, Block 0 (000800-003FFFh) not write-protected
  1121                           ;	Write Protection bit
  1122                           ;	WRT1 = OFF, Block 1 (004000-007FFFh) not write-protected
  1123                           ;	Write Protection bit
  1124                           ;	WRT2 = OFF, Block 2 (008000-00BFFFh) not write-protected
  1125                           ;	Write Protection bit
  1126                           ;	WRT3 = OFF, Block 3 (00C000-00FFFFh) not write-protected
  1127   30000A                     	org	3145738
  1128   30000A  0F                 	db	15
  1129                           
  1130                           ;Config register CONFIG6H @ 0x30000B
  1131                           ;	Configuration Register Write Protection bit
  1132                           ;	WRTC = OFF, Configuration registers (300000-3000FFh) not write-protected
  1133                           ;	Boot Block Write Protection bit
  1134                           ;	WRTB = OFF, Boot Block (000000-0007FFh) not write-protected
  1135                           ;	Data EEPROM Write Protection bit
  1136                           ;	WRTD = OFF, Data EEPROM not write-protected
  1137   30000B                     	org	3145739
  1138   30000B  E0                 	db	224
  1139                           
  1140                           ;Config register CONFIG7L @ 0x30000C
  1141                           ;	Table Read Protection bit
  1142                           ;	EBTR0 = OFF, Block 0 (000800-003FFFh) not protected from table reads executed in other
      +                           blocks
  1143                           ;	Table Read Protection bit
  1144                           ;	EBTR1 = OFF, Block 1 (004000-007FFFh) not protected from table reads executed in other
      +                           blocks
  1145                           ;	Table Read Protection bit
  1146                           ;	EBTR2 = OFF, Block 2 (008000-00BFFFh) not protected from table reads executed in other
      +                           blocks
  1147                           ;	Table Read Protection bit
  1148                           ;	EBTR3 = OFF, Block 3 (00C000-00FFFFh) not protected from table reads executed in other
      +                           blocks
  1149   30000C                     	org	3145740
  1150   30000C  0F                 	db	15
  1151                           
  1152                           ;Config register CONFIG7H @ 0x30000D
  1153                           ;	Boot Block Table Read Protection bit
  1154                           ;	EBTRB = OFF, Boot Block (000000-0007FFh) not protected from table reads executed in ot
      +                          her blocks
  1155   30000D                     	org	3145741
  1156   30000D  40                 	db	64
  1157                           tosu	equ	0xFFF
  1158                           tosh	equ	0xFFE
  1159                           tosl	equ	0xFFD
  1160                           stkptr	equ	0xFFC
  1161                           pclatu	equ	0xFFB
  1162                           pclath	equ	0xFFA
  1163                           pcl	equ	0xFF9
  1164                           tblptru	equ	0xFF8
  1165                           tblptrh	equ	0xFF7
  1166                           tblptrl	equ	0xFF6
  1167                           tablat	equ	0xFF5
  1168                           prodh	equ	0xFF4
  1169                           prodl	equ	0xFF3
  1170                           indf0	equ	0xFEF
  1171                           postinc0	equ	0xFEE
  1172                           postdec0	equ	0xFED
  1173                           preinc0	equ	0xFEC
  1174                           plusw0	equ	0xFEB
  1175                           fsr0h	equ	0xFEA
  1176                           fsr0l	equ	0xFE9
  1177                           wreg	equ	0xFE8
  1178                           indf1	equ	0xFE7
  1179                           postinc1	equ	0xFE6
  1180                           postdec1	equ	0xFE5
  1181                           preinc1	equ	0xFE4
  1182                           plusw1	equ	0xFE3
  1183                           fsr1h	equ	0xFE2
  1184                           fsr1l	equ	0xFE1
  1185                           bsr	equ	0xFE0
  1186                           indf2	equ	0xFDF
  1187                           postinc2	equ	0xFDE
  1188                           postdec2	equ	0xFDD
  1189                           preinc2	equ	0xFDC
  1190                           plusw2	equ	0xFDB
  1191                           fsr2h	equ	0xFDA
  1192                           fsr2l	equ	0xFD9
  1193                           status	equ	0xFD8

Data Sizes:
    Strings     3
    Constant    0
    Data        34
    BSS         29
    Persistent  0
    Stack       0

Auto Spaces:
    Space          Size  Autos    Used
    COMRAM          126      6      69
    BANK0           128      0       0
    BANK1           256      0       0
    BANK2           256      0       0
    BANK3           256      0       0
    BANK4           256      0       0
    BANK5           256      0       0
    BANK6           256      0       0
    BANK7           256      0       0
    BANK8           256      0       0
    BANK9           256      0       0
    BANK10          256      0       0
    BANK11          256      0       0
    BANK12          256      0       0
    BANK13          256      0       0
    BANK14          256      0       0
    BANK15          128      0       0

Pointer List with Targets:

    f$.$buffer	PTR unsigned char  size(2) Largest target is 0

    f$.$source	PTR const unsigned char  size(2) Largest target is 0

    INT0_CALBACK	PTR FTN()void  size(2) Largest target is 1
		 -> NULL(), 

    INT1_CALBACK	PTR FTN()void  size(2) Largest target is 1
		 -> NULL(), 

    INT2_CALBACK	PTR FTN()void  size(2) Largest target is 1
		 -> NULL(), 

    interrupt_INTx_CallBack_Init@obj$callback_function	PTR FTN()void  size(2) Largest target is 0

    interrupt_INTx_Clear_Flag@obj$callback_function	PTR FTN()void  size(2) Largest target is 0

    interrupt_INTx_Disable@obj$callback_function	PTR FTN()void  size(2) Largest target is 0

    interrupt_INTx_Edge_Init@obj$callback_function	PTR FTN()void  size(2) Largest target is 0

    interrupt_INTx_Enable@obj$callback_function	PTR FTN()void  size(2) Largest target is 0

    interrupt_INTx_Pin_Init@obj$callback_function	PTR FTN()void  size(2) Largest target is 0

    Interrupt_RBx_Init@obj$callback_function_HIGH	PTR FTN()void  size(2) Largest target is 0

    Interrupt_RBx_Init@obj$callback_function_LOW	PTR FTN()void  size(2) Largest target is 0

    keypadInit@pad$keypadMatrix	PTR unsigned char [6][4] size(2) Largest target is 0

    keypadReadValue@pad$keypadMatrix	PTR unsigned char [6][4] size(2) Largest target is 0

    lat_regs	PTR volatile unsigned char [5] size(2) Largest target is 1
		 -> LATA(BITBIGSFRll[1]), LATB(BITBIGSFRlh[1]), LATC(BITBIGSFRlh[1]), LATD(BITBIGSFRlh[1]), 
		 -> LATE(BITBIGSFRlh[1]), 

    port_regs	PTR volatile unsigned char [5] size(2) Largest target is 1
		 -> PORTA(BITBIGSFRll[1]), PORTB(BITBIGSFRll[1]), PORTC(BITBIGSFRll[1]), PORTD(BITBIGSFRll[1]), 
		 -> PORTE(BITBIGSFRll[1]), 

    RB4_CallBack_HIGH	PTR FTN()void  size(2) Largest target is 1
		 -> NULL(), 

    RB4_CallBack_LOW	PTR FTN()void  size(2) Largest target is 1
		 -> NULL(), 

    RB5_CallBack_HIGH	PTR FTN()void  size(2) Largest target is 1
		 -> NULL(), 

    RB5_CallBack_LOW	PTR FTN()void  size(2) Largest target is 1
		 -> NULL(), 

    RB6_CallBack_HIGH	PTR FTN()void  size(2) Largest target is 1
		 -> NULL(), 

    RB6_CallBack_LOW	PTR FTN()void  size(2) Largest target is 1
		 -> NULL(), 

    RB7_CallBack_HIGH	PTR FTN()void  size(2) Largest target is 1
		 -> NULL(), 

    RB7_CallBack_LOW	PTR FTN()void  size(2) Largest target is 1
		 -> NULL(), 

    S151$keypadMatrix	PTR unsigned char [6][4] size(2) Largest target is 0

    S1744$buffer	PTR unsigned char  size(2) Largest target is 0

    S1744$source	PTR const unsigned char  size(2) Largest target is 0

    S888$callback_function	PTR FTN()void  size(2) Largest target is 0

    S926$callback_function_HIGH	PTR FTN()void  size(2) Largest target is 0

    S926$callback_function_LOW	PTR FTN()void  size(2) Largest target is 0

    sp__memset	PTR void  size(2) Largest target is 0

    tris_regs	PTR volatile unsigned char [5] size(2) Largest target is 1
		 -> TRISA(BITBIGSFRll[1]), TRISB(BITBIGSFRhll[1]), TRISC(BITBIGSFRhll[1]), TRISD(BITBIGSFRhll[1]), 
		 -> TRISE(BITBIGSFRhll[1]), 

    vfprintf$0	PTR struct _IO_FILE size(1) Largest target is 12
		 -> sprintf@f(COMRAM[12]), 

    vfprintf$1	PTR const unsigned char  size(1) Largest target is 3
		 -> STR_1(CODE[3]), STR_2(CODE[3]), STR_3(CODE[3]), 

    vfprintf$2	PTR PTR void  size(1) Largest target is 1
		 -> sprintf@ap(COMRAM[1]), 


Critical Paths under _main in COMRAM

    None.

Critical Paths under _InterruptManager in COMRAM

    _InterruptManager->_RB4_ISR
    _InterruptManager->_RB5_ISR
    _InterruptManager->_RB6_ISR
    _InterruptManager->_RB7_ISR

Critical Paths under _main in BANK0

    None.

Critical Paths under _InterruptManager in BANK0

    None.

Critical Paths under _main in BANK1

    None.

Critical Paths under _InterruptManager in BANK1

    None.

Critical Paths under _main in BANK2

    None.

Critical Paths under _InterruptManager in BANK2

    None.

Critical Paths under _main in BANK3

    None.

Critical Paths under _InterruptManager in BANK3

    None.

Critical Paths under _main in BANK4

    None.

Critical Paths under _InterruptManager in BANK4

    None.

Critical Paths under _main in BANK5

    None.

Critical Paths under _InterruptManager in BANK5

    None.

Critical Paths under _main in BANK6

    None.

Critical Paths under _InterruptManager in BANK6

    None.

Critical Paths under _main in BANK7

    None.

Critical Paths under _InterruptManager in BANK7

    None.

Critical Paths under _main in BANK8

    None.

Critical Paths under _InterruptManager in BANK8

    None.

Critical Paths under _main in BANK9

    None.

Critical Paths under _InterruptManager in BANK9

    None.

Critical Paths under _main in BANK10

    None.

Critical Paths under _InterruptManager in BANK10

    None.

Critical Paths under _main in BANK11

    None.

Critical Paths under _InterruptManager in BANK11

    None.

Critical Paths under _main in BANK12

    None.

Critical Paths under _InterruptManager in BANK12

    None.

Critical Paths under _main in BANK13

    None.

Critical Paths under _InterruptManager in BANK13

    None.

Critical Paths under _main in BANK14

    None.

Critical Paths under _InterruptManager in BANK14

    None.

Critical Paths under _main in BANK15

    None.

Critical Paths under _InterruptManager in BANK15

    None.

Call Graph Tables:

 ---------------------------------------------------------------------------------
 (Depth) Function   	        Calls       Base Space   Used Autos Params    Refs
 ---------------------------------------------------------------------------------
 (0) _main                                                 5     0      5       0
                                              1 COMRAM     5     0      5
 ---------------------------------------------------------------------------------
 Estimated maximum stack depth 0
 ---------------------------------------------------------------------------------
 (Depth) Function   	        Calls       Base Space   Used Autos Params    Refs
 ---------------------------------------------------------------------------------
 (1) _InterruptManager                                     0     0      0     120
                           _INT0_ISR
                           _INT1_ISR
                           _INT2_ISR
                            _RB4_ISR
                            _RB5_ISR
                            _RB6_ISR
                            _RB7_ISR
 ---------------------------------------------------------------------------------
 (2) _RB7_ISR                                              1     1      0      30
                                              0 COMRAM     1     1      0
 ---------------------------------------------------------------------------------
 (2) _RB6_ISR                                              1     1      0      30
                                              0 COMRAM     1     1      0
 ---------------------------------------------------------------------------------
 (2) _RB5_ISR                                              1     1      0      30
                                              0 COMRAM     1     1      0
 ---------------------------------------------------------------------------------
 (2) _RB4_ISR                                              1     1      0      30
                                              0 COMRAM     1     1      0
 ---------------------------------------------------------------------------------
 (2) _INT2_ISR                                             0     0      0       0
 ---------------------------------------------------------------------------------
 (2) _INT1_ISR                                             0     0      0       0
 ---------------------------------------------------------------------------------
 (2) _INT0_ISR                                             0     0      0       0
 ---------------------------------------------------------------------------------
 Estimated maximum stack depth 2
 ---------------------------------------------------------------------------------

 Call Graph Graphs:

 _main (ROOT)

 _InterruptManager (ROOT)
   _INT0_ISR
   _INT1_ISR
   _INT2_ISR
   _RB4_ISR
   _RB5_ISR
   _RB6_ISR
   _RB7_ISR

 Address spaces:
Name               Size   Autos  Total    Cost      Usage
BIGRAM             F7F      0       0      41        0.0%
EEDATA             400      0       0       0        0.0%
BITBANK14          100      0       0      33        0.0%
BANK14             100      0       0      34        0.0%
BITBANK13          100      0       0      31        0.0%
BANK13             100      0       0      32        0.0%
BITBANK12          100      0       0      29        0.0%
BANK12             100      0       0      30        0.0%
BITBANK11          100      0       0      27        0.0%
BANK11             100      0       0      28        0.0%
BITBANK10          100      0       0      24        0.0%
BANK10             100      0       0      25        0.0%
BITBANK9           100      0       0      22        0.0%
BANK9              100      0       0      23        0.0%
BITBANK8           100      0       0      20        0.0%
BANK8              100      0       0      21        0.0%
BITBANK7           100      0       0      18        0.0%
BANK7              100      0       0      19        0.0%
BITBANK6           100      0       0      16        0.0%
BANK6              100      0       0      17        0.0%
BITBANK5           100      0       0      14        0.0%
BANK5              100      0       0      15        0.0%
BITBANK4           100      0       0      12        0.0%
BANK4              100      0       0      13        0.0%
BITBANK3           100      0       0      10        0.0%
BANK3              100      0       0      11        0.0%
BITBANK2           100      0       0       8        0.0%
BANK2              100      0       0       9        0.0%
BITBANK1           100      0       0       6        0.0%
BANK1              100      0       0       7        0.0%
BITBANK15           80      0       0      35        0.0%
BANK15              80      0       0      36        0.0%
BITBANK0            80      0       0       4        0.0%
BANK0               80      0       0       5        0.0%
BITCOMRAM           7E      0       0       0        0.0%
COMRAM              7E      6      45       1       54.8%
BITBIGSFRhll        59      0       0      38        0.0%
BITBIGSFRhh          D      0       0      37        0.0%
BITBIGSFRlh          4      0       0      39        0.0%
BITBIGSFRll          4      0       0      40        0.0%
BIGSFR               0      0       0     200        0.0%
BITSFR               0      0       0     200        0.0%
SFR                  0      0       0     200        0.0%
STACK                0      0       0       2        0.0%
NULL                 0      0       0       0        0.0%
ABS                  0      0      45      26        0.0%
DATA                 0      0      45       3        0.0%
CODE                 0      0       0       0        0.0%


Microchip Technology PIC18 Macro Assembler V2.45 build 20230818022343 
Symbol Table                                                                                   Fri Jan 12 21:38:44 2024

      ??_InterruptManager 0041                       l665 12E4                       l666 12E4  
                     wreg 0FE8               led_on@F3058 003E           __end_of_RB4_ISR 12FC  
         __end_of_RB5_ISR 12F8           __end_of_RB6_ISR 12F4           __end_of_RB7_ISR 12F0  
                    STR_1 1001                      _LATA 0F89                      _LATB 0F8A  
                    _LATC 0F8B                      _LATD 0F8C                      _LATE 0F8D  
                    _main 12E4                      fsr1l 0FE1                      btemp 0046  
                    start 000E              ___param_bank 0000          __end_of_INT0_ISR 1308  
        __end_of_INT1_ISR 1304          __end_of_INT2_ISR 1300                     ?_main 0041  
            led_off@F3063 003D                     i2l513 12EE                     i2l506 12F2  
                   i2l481 1302                     i2l492 12FA                     i2l660 1288  
                   i2l477 1306                     i2l485 12FE                     i2l499 12F6  
                   _PORTA 0F80                     _PORTB 0F81                     _PORTC 0F82  
                   _PORTD 0F83                     _PORTE 0F84                     _TRISA 0F92  
                   _TRISB 0F93                     _TRISC 0F94                     _TRISD 0F95  
                   _TRISE 0F96                     tablat 0FF5                     ttemp5 0047  
                   ttemp6 004A                     ttemp7 004E                     status 0FD8  
                   wtemp8 0047           __initialization 128C              __end_of_main 12EC  
                  ??_main 0046             __activetblptr 0003                 ??_RB4_ISR 0040  
               ??_RB5_ISR 0040                 ??_RB6_ISR 0040                 ??_RB7_ISR 0040  
       _RB6_CallBack_HIGH 002D                    i2l1607 12F4                    i2l1617 12F0  
                  i2l2601 11F6                    i2l2521 1028                    i2l1627 12EC  
                  i2l2611 122A                    i2l2603 11FA                    i2l2531 1064  
                  i2l2523 1036                    i2l2515 1008                    i2l2621 1260  
                  i2l2613 123A                    i2l2605 1200                    i2l2541 10A2  
                  i2l2533 1068                    i2l2525 1044                    i2l2517 1016  
                  i2l2623 126E                    i2l2615 123E                    i2l2607 120E  
                  i2l2551 10D6                    i2l2543 10A6                    i2l2535 1076  
                  i2l2527 1048                    i2l2519 1024                    i2l1585 1304  
                  i2l1593 12FC                    i2l2625 127E                    i2l2609 121C  
                  i2l2617 1244                    i2l2561 110C                    i2l2553 10E6  
                  i2l2537 1084                    i2l2545 10AC                    i2l2529 1056  
                  i2l2627 1282                    i2l2619 1252                    i2l2571 1142  
                  i2l2563 111A                    i2l2555 10EA                    i2l2547 10BA  
                  i2l2539 1092                    i2l1589 1300                    i2l1597 12F8  
                  i2l2573 1150                    i2l2581 1178                    i2l2565 112A  
                  i2l2549 10C8                    i2l2557 10F0                    i2l2591 11B6  
                  i2l2583 1186                    i2l2575 115E                    i2l2567 112E  
                  i2l2559 10FE                    i2l2585 1194                    i2l2593 11BC  
                  i2l2577 116E                    i2l2569 1134                    i2l2595 11CA  
                  i2l2587 11A2                    i2l2579 1172                    i2l2597 11D8  
                  i2l2589 11B2                    i2l2599 11E6                    clear_0 12B2  
                  isa$std 0001             relayOFF@F3056 0039             led_init@F3053 003F  
            __pdataCOMRAM 0001              __mediumconst 0000                    tblptrh 0FF7  
                  tblptrl 0FF6                    tblptru 0FF8                __accesstop 0080  
 __end_of__initialization 12B8                 ?_INT0_ISR 0040                 ?_INT1_ISR 0040  
               ?_INT2_ISR 0040             ___rparam_used 0001            __pcstackCOMRAM 0040  
        _RB4_CallBack_LOW 0029                ??_INT0_ISR 0040                ??_INT1_ISR 0040  
              ??_INT2_ISR 0040           led_toggle@F3068 003C                   _RB4_ISR 12F8  
                 _RB5_ISR 12F4                   _RB6_ISR 12F0                   _RB7_ISR 12EC  
                 __Hparam 0000                   __Lparam 0000              __psmallconst 1000  
                 __pcinit 128C                   __ramtop 1000                   __ptext0 12E4  
                 __ptext2 12EC                   __ptext3 12F0                   __ptext4 12F4  
                 __ptext5 12F8                   __ptext6 12FC                   __ptext7 1300  
                 __ptext8 1304         _RB7_CallBack_HIGH 002B            __pintcode_body 1006  
    end_of_initialization 12B8          _RB5_CallBack_LOW 0027                   int_func 1006  
                 postdec1 0FE5                   postinc0 0FEE              _INT0_CALBACK 0037  
               _PORTBbits 0F81              _INT1_CALBACK 0035          _InterruptManager 0008  
            _INT2_CALBACK 0033                RB4_ISR@src 0040                RB5_ISR@src 0040  
              RB6_ISR@src 0040                RB7_ISR@src 0040             __pidataCOMRAM 12C2  
     start_initialization 128C          _RB6_CallBack_LOW 0025              relayON@F3051 003A  
                ?_RB4_ISR 0040                  ?_RB5_ISR 0040                  ?_RB6_ISR 0040  
                ?_RB7_ISR 0040         _RB4_CallBack_HIGH 0031               __pbssCOMRAM 0023  
               __pintcode 0008               __smallconst 1000            relayInit@F3046 003B  
                _INT0_ISR 1304                  _INT1_ISR 1300                  _INT2_ISR 12FC  
                _RB4_Flag 0022          _RB7_CallBack_LOW 0023                  _RB5_Flag 0021  
                _RB6_Flag 0020                  _RB7_Flag 001F  __end_of_InterruptManager 128C  
                i2u120_40 1064                  i2u120_41 1060                  i2u121_40 1076  
                i2u121_41 1072                  i2u130_40 110C                  i2u122_40 1084  
                i2u130_41 1108                  i2u122_41 1080                  i2u131_40 111A  
                i2u123_40 1092                  i2u115_40 1016                  i2u131_41 1116  
                i2u123_41 108E                  i2u115_41 1012                  i2u140_40 11B2  
                i2u132_40 112A                  i2u124_40 10A2                  i2u116_40 1024  
                i2u140_41 11AE                  i2u132_41 1126                  i2u124_41 109E  
                i2u116_41 1020                  i2u141_40 11CA                  i2u133_40 1142  
                i2u125_40 10BA                  i2u117_40 1036                  i2u141_41 11C6  
                i2u133_41 113E                  i2u125_41 10B6                  i2u117_41 1032  
                i2u150_40 1260                  i2u142_40 11D8                  i2u134_40 1150  
                i2u126_40 10C8                  i2u118_40 1044                  i2u150_41 125C  
                i2u142_41 11D4                  i2u134_41 114C                  i2u126_41 10C4  
                i2u118_41 1040                  i2u151_40 126E                  i2u143_40 11E6  
                i2u135_40 115E                  i2u127_40 10D6                  i2u119_40 1056  
                i2u151_41 126A                  i2u143_41 11E2                  i2u135_41 115A  
                i2u127_41 10D2                  i2u119_41 1052                  i2u152_40 127E  
                i2u144_40 11F6                  i2u136_40 116E                  i2u128_40 10E6  
                i2u152_41 127A                  i2u144_41 11F2                  i2u136_41 116A  
                i2u128_41 10E2                  i2u145_40 120E                  i2u137_40 1186  
                i2u129_40 10FE                  i2u145_41 120A                  i2u137_41 1182  
                i2u129_41 10FA                  i2u146_40 121C                  i2u138_40 1194  
                i2u146_41 1218                  i2u138_41 1190                  i2u147_40 122A  
                i2u139_40 11A2                  i2u147_41 1226                  i2u139_41 119E  
                i2u148_40 123A                  i2u148_41 1236                  i2u149_40 1252  
                i2u149_41 124E                 _port_regs 0001                 _tris_regs 0015  
             _INTCON2bits 0FF1               _INTCON3bits 0FF0                 copy_data0 12A0  
                __Hrparam 0000                  __Lrparam 0000                  _lat_regs 000B  
                isa$xinst 0000                  int$flags 0046                  main@argc 0041  
                main@argv 0043                _INTCONbits 0FF2         _RB5_CallBack_HIGH 002F  
                intlevel2 0000         ?_InterruptManager 0040  
